# JRE version: Java(TM) SE Runtime Environment (8.0_131-b11) (build 1.8.0_131-b11)
# Java VM: Java HotSpot(TM) 64-Bit Server VM (25.131-b11 mixed mode windows-amd64 compressed oops)
Heap:
 PSYoungGen      total 470528K, used 444476K [0x00000000d6b00000, 0x00000000f9f80000, 0x0000000100000000)
  eden space 453632K, 94% used [0x00000000d6b00000,0x00000000f0fbb4c0,0x00000000f2600000)
  from space 16896K, 80% used [0x00000000f2600000,0x00000000f3353df0,0x00000000f3680000)
  to   space 17920K, 0% used [0x00000000f8e00000,0x00000000f8e00000,0x00000000f9f80000)
 ParOldGen       total 121856K, used 46201K [0x0000000084000000, 0x000000008b700000, 0x00000000d6b00000)
  object space 121856K, 37% used [0x0000000084000000,0x0000000086d1e5d8,0x000000008b700000)
 Metaspace       used 77773K, capacity 80470K, committed 80640K, reserved 1118208K
  class space    used 10409K, capacity 10905K, committed 11008K, reserved 1048576K
GC Heap History (10 events):
Event: 53.332 GC heap before
{Heap before GC invocations=16 (full 2):
 PSYoungGen      total 281600K, used 31487K [0x00000000d6b00000, 0x00000000ed700000, 0x0000000100000000)
  eden space 266752K, 6% used [0x00000000d6b00000,0x00000000d7c3a770,0x00000000e6f80000)
  from space 14848K, 93% used [0x00000000e6f80000,0x00000000e7d05530,0x00000000e7e00000)
  to   space 16384K, 0% used [0x00000000ec700000,0x00000000ec700000,0x00000000ed700000)
 ParOldGen       total 88576K, used 34973K [0x0000000084000000, 0x0000000089680000, 0x00000000d6b00000)
  object space 88576K, 39% used [0x0000000084000000,0x0000000086227468,0x0000000089680000)
 Metaspace       used 57586K, capacity 58960K, committed 59136K, reserved 1099776K
  class space    used 7569K, capacity 7913K, committed 7936K, reserved 1048576K
Event: 53.401 GC heap after
Heap after GC invocations=16 (full 2):
 PSYoungGen      total 356352K, used 4902K [0x00000000d6b00000, 0x00000000ef580000, 0x0000000100000000)
  eden space 339968K, 0% used [0x00000000d6b00000,0x00000000d6b00000,0x00000000eb700000)
  from space 16384K, 29% used [0x00000000ec700000,0x00000000ecbc9820,0x00000000ed700000)
  to   space 16384K, 0% used [0x00000000eb700000,0x00000000eb700000,0x00000000ec700000)
 ParOldGen       total 88576K, used 34973K [0x0000000084000000, 0x0000000089680000, 0x00000000d6b00000)
  object space 88576K, 39% used [0x0000000084000000,0x0000000086227468,0x0000000089680000)
 Metaspace       used 57586K, capacity 58960K, committed 59136K, reserved 1099776K
  class space    used 7569K, capacity 7913K, committed 7936K, reserved 1048576K
}
Event: 53.401 GC heap before
{Heap before GC invocations=17 (full 3):
 PSYoungGen      total 356352K, used 4902K [0x00000000d6b00000, 0x00000000ef580000, 0x0000000100000000)
  eden space 339968K, 0% used [0x00000000d6b00000,0x00000000d6b00000,0x00000000eb700000)
  from space 16384K, 29% used [0x00000000ec700000,0x00000000ecbc9820,0x00000000ed700000)
  to   space 16384K, 0% used [0x00000000eb700000,0x00000000eb700000,0x00000000ec700000)
 ParOldGen       total 88576K, used 34973K [0x0000000084000000, 0x0000000089680000, 0x00000000d6b00000)
  object space 88576K, 39% used [0x0000000084000000,0x0000000086227468,0x0000000089680000)
 Metaspace       used 57586K, capacity 58960K, committed 59136K, reserved 1099776K
  class space    used 7569K, capacity 7913K, committed 7936K, reserved 1048576K
Event: 54.085 GC heap after
Heap after GC invocations=17 (full 3):
 PSYoungGen      total 356352K, used 0K [0x00000000d6b00000, 0x00000000ef580000, 0x0000000100000000)
  eden space 339968K, 0% used [0x00000000d6b00000,0x00000000d6b00000,0x00000000eb700000)
  from space 16384K, 0% used [0x00000000ec700000,0x00000000ec700000,0x00000000ed700000)
  to   space 16384K, 0% used [0x00000000eb700000,0x00000000eb700000,0x00000000ec700000)
 ParOldGen       total 121856K, used 32609K [0x0000000084000000, 0x000000008b700000, 0x00000000d6b00000)
  object space 121856K, 26% used [0x0000000084000000,0x0000000085fd8508,0x000000008b700000)
 Metaspace       used 57586K, capacity 58960K, committed 59136K, reserved 1099776K
  class space    used 7569K, capacity 7913K, committed 7936K, reserved 1048576K
}
Event: 75.260 GC heap before
{Heap before GC invocations=18 (full 3):
 PSYoungGen      total 356352K, used 339968K [0x00000000d6b00000, 0x00000000ef580000, 0x0000000100000000)
  eden space 339968K, 100% used [0x00000000d6b00000,0x00000000eb700000,0x00000000eb700000)
  from space 16384K, 0% used [0x00000000ec700000,0x00000000ec700000,0x00000000ed700000)
  to   space 16384K, 0% used [0x00000000eb700000,0x00000000eb700000,0x00000000ec700000)
 ParOldGen       total 121856K, used 32609K [0x0000000084000000, 0x000000008b700000, 0x00000000d6b00000)
  object space 121856K, 26% used [0x0000000084000000,0x0000000085fd8508,0x000000008b700000)
 Metaspace       used 62883K, capacity 64764K, committed 65024K, reserved 1105920K
  class space    used 8320K, capacity 8691K, committed 8704K, reserved 1048576K
Event: 75.539 GC heap after
Heap after GC invocations=18 (full 3):
 PSYoungGen      total 356352K, used 12173K [0x00000000d6b00000, 0x00000000f4d00000, 0x0000000100000000)
  eden space 339968K, 0% used [0x00000000d6b00000,0x00000000d6b00000,0x00000000eb700000)
  from space 16384K, 74% used [0x00000000eb700000,0x00000000ec2e3618,0x00000000ec700000)
  to   space 16896K, 0% used [0x00000000f3c80000,0x00000000f3c80000,0x00000000f4d00000)
 ParOldGen       total 121856K, used 32617K [0x0000000084000000, 0x000000008b700000, 0x00000000d6b00000)
  object space 121856K, 26% used [0x0000000084000000,0x0000000085fda508,0x000000008b700000)
 Metaspace       used 62883K, capacity 64764K, committed 65024K, reserved 1105920K
  class space    used 8320K, capacity 8691K, committed 8704K, reserved 1048576K
}
Event: 97.583 GC heap before
{Heap before GC invocations=19 (full 3):
 PSYoungGen      total 356352K, used 352141K [0x00000000d6b00000, 0x00000000f4d00000, 0x0000000100000000)
  eden space 339968K, 100% used [0x00000000d6b00000,0x00000000eb700000,0x00000000eb700000)
  from space 16384K, 74% used [0x00000000eb700000,0x00000000ec2e3618,0x00000000ec700000)
  to   space 16896K, 0% used [0x00000000f3c80000,0x00000000f3c80000,0x00000000f4d00000)
 ParOldGen       total 121856K, used 32617K [0x0000000084000000, 0x000000008b700000, 0x00000000d6b00000)
  object space 121856K, 26% used [0x0000000084000000,0x0000000085fda508,0x000000008b700000)
 Metaspace       used 65359K, capacity 67308K, committed 67456K, reserved 1107968K
  class space    used 8638K, capacity 9049K, committed 9088K, reserved 1048576K
Event: 97.791 GC heap after
Heap after GC invocations=19 (full 3):
 PSYoungGen      total 461824K, used 10365K [0x00000000d6b00000, 0x00000000f4700000, 0x0000000100000000)
  eden space 451072K, 0% used [0x00000000d6b00000,0x00000000d6b00000,0x00000000f2380000)
  from space 10752K, 96% used [0x00000000f3c80000,0x00000000f469f7f8,0x00000000f4700000)
  to   space 16896K, 0% used [0x00000000f2600000,0x00000000f2600000,0x00000000f3680000)
 ParOldGen       total 121856K, used 39213K [0x0000000084000000, 0x000000008b700000, 0x00000000d6b00000)
  object space 121856K, 32% used [0x0000000084000000,0x000000008664b5b8,0x000000008b700000)
 Metaspace       used 65359K, capacity 67308K, committed 67456K, reserved 1107968K
  class space    used 8638K, capacity 9049K, committed 9088K, reserved 1048576K
}
Event: 113.157 GC heap before
{Heap before GC invocations=20 (full 3):
 PSYoungGen      total 461824K, used 461437K [0x00000000d6b00000, 0x00000000f4700000, 0x0000000100000000)
  eden space 451072K, 100% used [0x00000000d6b00000,0x00000000f2380000,0x00000000f2380000)
  from space 10752K, 96% used [0x00000000f3c80000,0x00000000f469f7f8,0x00000000f4700000)
  to   space 16896K, 0% used [0x00000000f2600000,0x00000000f2600000,0x00000000f3680000)
 ParOldGen       total 121856K, used 39213K [0x0000000084000000, 0x000000008b700000, 0x00000000d6b00000)
  object space 121856K, 32% used [0x0000000084000000,0x000000008664b5b8,0x000000008b700000)
 Metaspace       used 68631K, capacity 70856K, committed 71040K, reserved 1110016K
  class space    used 9096K, capacity 9553K, committed 9600K, reserved 1048576K
Event: 113.304 GC heap after
Heap after GC invocations=20 (full 3):
 PSYoungGen      total 470528K, used 13647K [0x00000000d6b00000, 0x00000000f9f80000, 0x0000000100000000)
  eden space 453632K, 0% used [0x00000000d6b00000,0x00000000d6b00000,0x00000000f2600000)
  from space 16896K, 80% used [0x00000000f2600000,0x00000000f3353df0,0x00000000f3680000)
  to   space 17920K, 0% used [0x00000000f8e00000,0x00000000f8e00000,0x00000000f9f80000)
 ParOldGen       total 121856K, used 46201K [0x0000000084000000, 0x000000008b700000, 0x00000000d6b00000)
  object space 121856K, 37% used [0x0000000084000000,0x0000000086d1e5d8,0x000000008b700000)
 Metaspace       used 68631K, capacity 70856K, committed 71040K, reserved 1110016K
  class space    used 9096K, capacity 9553K, committed 9600K, reserved 1048576K
}

